<?xml version="1.0" encoding="UTF-8"?>
<testng-results ignored="0" total="1" passed="1" failed="0" skipped="0">
  <reporter-output>
  </reporter-output>
  <suite started-at="2023-06-26T16:58:44 IST" name="Default suite" finished-at="2023-06-26T16:58:59 IST" duration-ms="14454">
    <groups>
    </groups>
    <test started-at="2023-06-26T16:58:44 IST" name="Default test" finished-at="2023-06-26T16:58:59 IST" duration-ms="14454">
      <class name="testCases.TC_001_AccountRegistrationTest">
        <test-method is-config="true" signature="setup()[pri:0, instance:testCases.TC_001_AccountRegistrationTest@47d9a273]" started-at="2023-06-26T16:58:44 IST" name="setup" finished-at="2023-06-26T16:58:48 IST" duration-ms="3431" status="PASS">
          <reporter-output>
          </reporter-output>
        </test-method> <!-- setup -->
        <test-method signature="test_Account_Reg()[pri:0, instance:testCases.TC_001_AccountRegistrationTest@47d9a273]" started-at="2023-06-26T16:58:48 IST" name="test_Account_Reg" finished-at="2023-06-26T16:58:58 IST" duration-ms="10830" status="PASS">
          <reporter-output>
          </reporter-output>
        </test-method> <!-- test_Account_Reg -->
        <test-method is-config="true" signature="teardown()[pri:0, instance:testCases.TC_001_AccountRegistrationTest@47d9a273]" started-at="2023-06-26T16:58:58 IST" name="teardown" finished-at="2023-06-26T16:58:59 IST" duration-ms="172" status="PASS">
          <reporter-output>
          </reporter-output>
        </test-method> <!-- teardown -->
      </class> <!-- testCases.TC_001_AccountRegistrationTest -->
    </test> <!-- Default test -->
  </suite> <!-- Default suite -->
</testng-results>
